<?xml version="1.0" encoding="UTF-8"?>
<!-- Generated by org.testng.reporters.JUnitReportReporter -->
<testsuite hostname="DESKTOP-JJRCSR3" failures="0" tests="3" name="com.obsqura.test.AddAdminUserTest" time="13.821" errors="0" timestamp="2023-11-01T19:50:00 IST" skipped="0">
  <testcase classname="com.obsqura.test.AddAdminUserTest" name="searchUser" time="4.432"/>
  <system-out/>
  <testcase classname="com.obsqura.test.AddAdminUserTest" name="addExistingUser" time="3.895"/>
  <system-out/>
  <testcase classname="com.obsqura.test.AddAdminUserTest" name="addAdminUser" time="5.494"/>
  <system-out/>
</testsuite> <!-- com.obsqura.test.AddAdminUserTest -->
