<?xml version="1.0" encoding="UTF-8"?>
<!-- Generated by org.testng.reporters.JUnitReportReporter -->
<testsuite hostname="DESKTOP-JJRCSR3" failures="0" tests="3" name="com.obsqura.test.LoginTest" time="2.248" errors="0" timestamp="2023-11-01T19:50:00 IST" skipped="0">
  <testcase classname="com.obsqura.test.LoginTest" name="incorrectLoginTest" time="0.952"/>
  <system-out/>
  <testcase classname="com.obsqura.test.LoginTest" name="incorrectLoginTest" time="0.643"/>
  <system-out/>
  <testcase classname="com.obsqura.test.LoginTest" name="loginTest" time="0.653"/>
  <system-out/>
</testsuite> <!-- com.obsqura.test.LoginTest -->
