<?xml version="1.0" encoding="UTF-8"?>
<!-- Generated by org.testng.reporters.JUnitReportReporter -->
<testsuite hostname="DESKTOP-JJRCSR3" failures="0" tests="4" name="com.obsqura.test.CreateDeleteEditExpenseTest" time="48.474" errors="0" timestamp="2023-11-01T19:50:00 IST" skipped="0">
  <testcase classname="com.obsqura.test.CreateDeleteEditExpenseTest" name="createExpense" time="9.429"/>
  <system-out/>
  <testcase classname="com.obsqura.test.CreateDeleteEditExpenseTest" name="editExpense" time="17.199"/>
  <system-out/>
  <testcase classname="com.obsqura.test.CreateDeleteEditExpenseTest" name="deleteExpense" time="12.294"/>
  <system-out/>
  <testcase classname="com.obsqura.test.CreateDeleteEditExpenseTest" name="invalidInputTest" time="9.552"/>
  <system-out/>
</testsuite> <!-- com.obsqura.test.CreateDeleteEditExpenseTest -->
