<?xml version="1.0" encoding="UTF-8"?>
<!-- Generated by org.testng.reporters.JUnitReportReporter -->
<testsuite hostname="DESKTOP-JJRCSR3" failures="0" tests="1" name="TestComponents.LoginTest" time="1.770" errors="0" timestamp="2023-10-12T13:35:34 IST" skipped="0">
  <testcase classname="TestComponents.LoginTest" name="loginTest" time="1.770"/>
  <system-out/>
</testsuite> <!-- TestComponents.LoginTest -->
